Training Word2Vec model...
Vocab size: 3062
Model Word2Vec trained !!!
Fit Tokenizer ...
Number of unique words: 3063
Training Word2Vec model...
Vocab size: 3062
Model Word2Vec trained !!!
Fit Tokenizer ...
Number of unique words: 3063
Create Embedding matrix ...
Fit Tokenizer ...
Number of unique words: 3063
Fit Tokenizer ...
Number of unique words: 3063
Create Embedding matrix ...
Training Word2Vec model...
Vocab size: 3062
Model Word2Vec trained !!!
Fit Tokenizer ...
Number of unique words: 3063
Fit Tokenizer ...
Number of unique words: 3063
Fit Tokenizer ...
Number of unique words: 3063
Fit Tokenizer ...
Number of unique words: 3063
Create Embedding matrix ...
Training Word2Vec model...
Vocab size: 3062
Model Word2Vec trained !!!
Embedding matrix: (3063, 300)
Fit Tokenizer ...
Number of unique words: 3063
Create Embedding matrix ...
Training Word2Vec model...
Vocab size: 3062
Model Word2Vec trained !!!
Embedding matrix: (3063, 300)
Fit Tokenizer ...
Number of unique words: 3063
Create Embedding matrix ...
Training Word2Vec model...
Vocab size: 3062
Model Word2Vec trained !!!
Embedding matrix: (3063, 300)
Fit Tokenizer ...
Number of unique words: 2800
Create Embedding matrix ...
Training Word2Vec model...
Vocab size: 2799
Model Word2Vec trained !!!
Word embedding rate: 1.0
Embedding matrix: (2800, 300)
Fit Tokenizer ...
Number of unique words: 2800
Create Embedding matrix ...
Training Word2Vec model...
Vocab size: 2799
Model Word2Vec trained !!!
Fit Tokenizer ...
Number of unique words: 2800
Create Embedding matrix ...
Training Word2Vec model...
Vocab size: 2799
Model Word2Vec trained !!!
Word embedding rate: 1.0
Embedding matrix: (2800, 300)
Fit Tokenizer ...
Number of unique words: 2800
Create Embedding matrix ...
Training Word2Vec model...
Vocab size: 2799
Model Word2Vec trained !!!
Fit Tokenizer ...
Number of unique words: 2800
Create Embedding matrix ...
Training Word2Vec model...
Vocab size: 2799
Model Word2Vec trained !!!
Word embedding rate: 1.0
Embedding matrix: (2800, 300)
Build Embedding model ...
Fit Tokenizer ...
Number of unique words: 1
Create Embedding matrix ...
Training Word2Vec model...
Fit Tokenizer ...
Number of unique words: 1
Training Word2Vec model...
Fit Tokenizer ...
Number of unique words: 1
Fit Tokenizer ...
Number of unique words: 1
Fit Tokenizer ...
Number of unique words: 1
Create Embedding matrix ...
Training Word2Vec model...
Building vocabulary...
Vocabulary built. Number of unique words: 0
Training the model...
Fit Tokenizer ...
Number of unique words: 2800
Create Embedding matrix ...
Training Word2Vec model...
Vocab size: 2799
Model Word2Vec trained !!!
Word embedding rate: 1.0
Embedding matrix: (2800, 300)
Fit Tokenizer ...
Number of unique words: 2800
Create Embedding matrix ...
Training Word2Vec model...
Vocab size: 2799
Model Word2Vec trained !!!
Word embedding rate: 1.0
Embedding matrix: (2800, 300)
Fit Tokenizer ...
Number of unique words: 2800
Create Embedding matrix ...
Training Word2Vec model...
Vocab size: 2799
Model Word2Vec trained !!!
Word embedding rate: 1.0
Embedding matrix: (2800, 300)
Fit Tokenizer ...
Number of unique words: 3063
Create Embedding matrix ...
Training Word2Vec model...
Vocab size: 3062
Model Word2Vec trained !!!
Word embedding rate: 1.0
Embedding matrix: (3063, 300)
Fit Tokenizer ...
Number of unique words: 2800
Create Embedding matrix ...
Training Word2Vec model...
Vocab size: 2799
Model Word2Vec trained !!!
Word embedding rate: 1.0
Embedding matrix: (2800, 300)
Fit Tokenizer ...
Number of unique words: 3063
Create Embedding matrix ...
Training Word2Vec model...
Vocab size: 3062
Model Word2Vec trained !!!
Word embedding rate: 1.0
Embedding matrix: (3063, 300)
Fit Tokenizer ...
Number of unique words: 2800
Create Embedding matrix ...
Training Word2Vec model...
Vocab size: 2799
Model Word2Vec trained !!!
Word embedding rate: 1.0
Embedding matrix: (2800, 300)
Fit Tokenizer ...
Number of unique words: 3063
Create Embedding matrix ...
Training Word2Vec model...
Vocab size: 3062
Model Word2Vec trained !!!
Word embedding rate: 1.0
Embedding matrix: (3063, 300)
Fit Tokenizer ...
Number of unique words: 2800
Create Embedding matrix ...
Training Word2Vec model...
Vocab size: 2799
Model Word2Vec trained !!!
Word embedding rate: 1.0
Embedding matrix: (2800, 300)
Fit Tokenizer ...
Number of unique words: 2800
Create Embedding matrix ...
Training Word2Vec model...
Vocab size: 2799
Model Word2Vec trained !!!
Word embedding rate: 1.0
Embedding matrix: (2800, 300)
Fit Tokenizer ...
Number of unique words: 2800
Create Embedding matrix ...
Training Word2Vec model...
Vocab size: 2799
Model Word2Vec trained !!!
Word embedding rate: 1.0
Embedding matrix: (2800, 300)
Fit Tokenizer ...
Number of unique words: 3063
Create Embedding matrix ...
Training Word2Vec model...
Vocab size: 3062
Model Word2Vec trained !!!
Word embedding rate: 1.0
Embedding matrix: (3063, 300)
Build Embedding model ...
