========== Initializing ==========
========== Loading Data... ==========
Features: ['uniq_id', 'description', 'category', '_len_description', 'text', '_len__text']
Raw data shape: (1035, 6)
esting started 
Target variable: category
Target unique values: ['Beauty and Personal Care ', 'Watches ', 'Computers ', 'Baby Care ', 'Home Decor & Festive Needs ', 'Home Furnishing ', 'Kitchen & Dining ']
========== Evaluation Metrics ==========
========== Model Initialization ... ==========
Feature variable: text
Model fitted to data
ARI: 0.4366  --  Time : 6.0
========== Evaluation Metrics ==========
========== Model Initialization ... ==========
Feature variable: text
Model fitted to data
ARI: 0.4289  --  Time : 6.0
========== Evaluation Metrics ==========
========== Model Initialization ... ==========
Feature variable: text
Model fitted to data
ARI: 0.3558  --  Time : 6.0
========== Evaluation Metrics ==========
========== Model Initialization ... ==========
Feature variable: text
Model fitted to data
ARI: 0.3733  --  Time : 6.0
========== Evaluation Metrics ==========
========== Model Initialization ... ==========
Feature variable: text
Model fitted to data
ARI: 0.4272  --  Time : 6.0
========== Evaluation Metrics ==========
========== Model Initialization ... ==========
Feature variable: text
Model fitted to data
ARI: 0.3747  --  Time : 6.0
========== Evaluation Metrics ==========
========== Model Initialization ... ==========
Feature variable: text
Model fitted to data
ARI: 0.3833  --  Time : 6.0
========== Evaluation Metrics ==========
========== Model Initialization ... ==========
Feature variable: text
Model fitted to data
ARI: 0.3842  --  Time : 6.0
========== Evaluation Metrics ==========
========== Model Initialization ... ==========
Feature variable: text
Model fitted to data
ARI: 0.4566  --  Time : 6.0
========== Evaluation Metrics ==========
========== Model Initialization ... ==========
Feature variable: text
Model fitted to data
ARI: 0.4081  --  Time : 7.0
========== Evaluation Metrics ==========
========== Model Initialization ... ==========
Feature variable: text
Model fitted to data
ARI: 0.3662  --  Time : 7.0
========== Evaluation Metrics ==========
========== Model Initialization ... ==========
Feature variable: text
Model fitted to data
ARI: 0.4057  --  Time : 7.0
========== Data Visualization  ==========
Visuals saved to : outputs/plots/tsne_kmeans_plot.png
========== Initializing ==========
========== Loading Data... ==========
Features: ['uniq_id', 'description', 'category', '_len_description', 'text', '_len__text']
Raw data shape: (1035, 6)
========== Model Tuning  ==========
Perplexity x learning_rate
Model name: CountVectorizer()
Target variable: category
Target unique values: ['Baby Care ', 'Home Decor & Festive Needs ', 'Watches ', 'Kitchen & Dining ', 'Beauty and Personal Care ', 'Computers ', 'Home Furnishing ']
========== Model Initialization ... ==========
Feature variable: text
Model fitted to data
ARI: 0.4366  --  Time : 6.0
========== Model Initialization ... ==========
Feature variable: text
Model fitted to data
ARI: 0.4289  --  Time : 6.0
========== Model Initialization ... ==========
Feature variable: text
Model fitted to data
ARI: 0.3558  --  Time : 6.0
========== Model Initialization ... ==========
Feature variable: text
Model fitted to data
ARI: 0.3733  --  Time : 6.0
========== Model Initialization ... ==========
Feature variable: text
Model fitted to data
ARI: 0.4272  --  Time : 6.0
========== Model Initialization ... ==========
Feature variable: text
Model fitted to data
ARI: 0.3747  --  Time : 6.0
========== Model Initialization ... ==========
Feature variable: text
Model fitted to data
ARI: 0.3833  --  Time : 6.0
========== Model Initialization ... ==========
Feature variable: text
Model fitted to data
ARI: 0.3842  --  Time : 6.0
========== Model Initialization ... ==========
Feature variable: text
Model fitted to data
ARI: 0.4566  --  Time : 6.0
========== Model Initialization ... ==========
Feature variable: text
Model fitted to data
ARI: 0.4081  --  Time : 7.0
========== Model Initialization ... ==========
Feature variable: text
Model fitted to data
ARI: 0.3662  --  Time : 7.0
========== Model Initialization ... ==========
Feature variable: text
Model fitted to data
ARI: 0.4057  --  Time : 7.0
========== Data Visualization  ==========
Visuals saved to : outputs/plots/tsne_kmeans_plot.png
========== Initializing ==========
========== Loading Data... ==========
Features: ['uniq_id', 'description', 'category', '_len_description', 'text', '_len__text']
Raw data shape: (1035, 6)
========== Model Tuning  ==========
Perplexity x learning_rate
Model name: CountVectorizer()
Target variable: category
Target unique values: ['Beauty and Personal Care ', 'Watches ', 'Home Decor & Festive Needs ', 'Kitchen & Dining ', 'Baby Care ', 'Computers ', 'Home Furnishing ']
========== Initializing Model ... ==========
Feature variable: text
Data fitting ...
ARI: 0.4366  --  Time : 6.0  --  Perpexit : 20  --  Learning_rate : 100
========== Initializing Model ... ==========
Feature variable: text
Data fitting ...
ARI: 0.4289  --  Time : 5.0  --  Perpexit : 20  --  Learning_rate : 200
========== Initializing Model ... ==========
Feature variable: text
Data fitting ...
ARI: 0.3558  --  Time : 5.0  --  Perpexit : 20  --  Learning_rate : 300
========== Initializing Model ... ==========
Feature variable: text
Data fitting ...
ARI: 0.3733  --  Time : 6.0  --  Perpexit : 30  --  Learning_rate : 100
========== Initializing Model ... ==========
Feature variable: text
Data fitting ...
ARI: 0.4272  --  Time : 6.0  --  Perpexit : 30  --  Learning_rate : 200
========== Initializing Model ... ==========
Feature variable: text
Data fitting ...
ARI: 0.3747  --  Time : 6.0  --  Perpexit : 30  --  Learning_rate : 300
========== Initializing Model ... ==========
Feature variable: text
Data fitting ...
ARI: 0.3833  --  Time : 7.0  --  Perpexit : 40  --  Learning_rate : 100
========== Initializing Model ... ==========
Feature variable: text
Data fitting ...
ARI: 0.3842  --  Time : 6.0  --  Perpexit : 40  --  Learning_rate : 200
========== Initializing Model ... ==========
Feature variable: text
Data fitting ...
ARI: 0.4566  --  Time : 6.0  --  Perpexit : 40  --  Learning_rate : 300
========== Initializing Model ... ==========
Feature variable: text
Data fitting ...
ARI: 0.4081  --  Time : 7.0  --  Perpexit : 50  --  Learning_rate : 100
========== Initializing Model ... ==========
Feature variable: text
Data fitting ...
ARI: 0.3662  --  Time : 7.0  --  Perpexit : 50  --  Learning_rate : 200
========== Initializing Model ... ==========
Feature variable: text
Data fitting ...
ARI: 0.4057  --  Time : 7.0  --  Perpexit : 50  --  Learning_rate : 300
========== Data Visualization  ==========
Visuals saved to : outputs/plots/tsne_kmeans_plot.png
