========== Initializing ==========
Data directory is loaded !!!
Outputs directory is loaded !!!
Spacy model en_core_web_sm is loaded !!!
========== Loading Data... ==========
Features: ['uniq_id', 'crawl_timestamp', 'product_url', 'product_name', 'product_category_tree', 'pid', 'retail_price', 'discounted_price', 'image', 'is_FK_Advantage_product', 'description', 'product_rating', 'overall_rating', 'brand', 'product_specifications']
Raw data shape: (1050, 15)
========== Processing Phase 1 ==========
 ---> New feature : category ==> Extracted from product_category_tree
 ---> New feature : _len_description  ==> Computed from description length
Processed Data Features: ['uniq_id', 'description', 'category', '_len_description']
Processed Data shape: (1050, 4)
25 outliers cleaned...
Processed Data shape: (1025, 4)
========== Extra stop words  ==========
1868 unique words added to extra stop words!!!
701 top common words added to extra stop words!!!
Cleaned data saved to outputs/data/data_clean.csv
========== Initializing ==========
Data directory is loaded !!!
Outputs directory is loaded !!!
Spacy model en_core_web_sm is loaded !!!
========== Loading Data... ==========
Features: ['uniq_id', 'crawl_timestamp', 'product_url', 'product_name', 'product_category_tree', 'pid', 'retail_price', 'discounted_price', 'image', 'is_FK_Advantage_product', 'description', 'product_rating', 'overall_rating', 'brand', 'product_specifications']
Raw data shape: (1050, 15)
========== Processing Phase 1 ==========
 ---> New feature : category ==> Extracted from product_category_tree
 ---> New feature : _len_description  ==> Computed from description length
Processed Data Features: ['uniq_id', 'description', 'category', '_len_description']
Processed Data shape: (1050, 4)
25 outliers cleaned...
Processed Data shape: (1025, 4)
========== Stop words cleaning  ==========
Creating a corpus ...
The corpus is created !!! <---> Size : 441377 <---> Unique_words_count: 99
Cleaning the corpus ...
The corpus is cleaned <---> Size : 47930 <---> Unique_words_count: 5293
Computing unique words ...
1868 unique words added to extra stop words!!!
Computing top common words ... <--> words common 4 categories ++
701 top common words added to extra stop words!!!
Total words to retrieve from vocab :2569
Cleaned data saved to outputs/data/data_clean.csv
========== Initializing ==========
Data directory is loaded !!!
Outputs directory is loaded !!!
Spacy model en_core_web_sm is loaded !!!
========== Loading Data... ==========
========== Initializing ==========
Data directory is loaded !!!
Outputs directory is loaded !!!
Spacy model en_core_web_sm is loaded !!!
========== Loading Data... ==========
========== Initializing ==========
Data directory is loaded !!!
Outputs directory is loaded !!!
Spacy model en_core_web_sm is loaded !!!
========== Loading Data... ==========
Features: ['uniq_id', 'crawl_timestamp', 'product_url', 'product_name', 'product_category_tree', 'pid', 'retail_price', 'discounted_price', 'image', 'is_FK_Advantage_product', 'description', 'product_rating', 'overall_rating', 'brand', 'product_specifications']
Raw data shape: (1050, 15)
========== Processing Phase 1 ==========
 ---> New feature : category ==> Extracted from product_category_tree
 ---> New feature : _len_description  ==> Computed from description length
Processed Data Features: ['uniq_id', 'description', 'category', '_len_description']
Processed Data shape: (1050, 4)
========== Initializing ==========
Data directory is loaded !!!
Outputs directory is loaded !!!
Spacy model en_core_web_sm is loaded !!!
========== Loading Data... ==========
Features: ['uniq_id', 'crawl_timestamp', 'product_url', 'product_name', 'product_category_tree', 'pid', 'retail_price', 'discounted_price', 'image', 'is_FK_Advantage_product', 'description', 'product_rating', 'overall_rating', 'brand', 'product_specifications']
Raw data shape: (1050, 15)
========== Processing Phase 1 ==========
 ---> New feature : category ==> Extracted from product_category_tree
 ---> New feature : _len_description  ==> Computed from description length
Processed Data Features: ['uniq_id', 'description', 'category', '_len_description']
Processed Data shape: (1050, 4)
========== Initializing ==========
Data directory is loaded !!!
Outputs directory is loaded !!!
Spacy model en_core_web_sm is loaded !!!
========== Loading Data... ==========
Features: ['uniq_id', 'crawl_timestamp', 'product_url', 'product_name', 'product_category_tree', 'pid', 'retail_price', 'discounted_price', 'image', 'is_FK_Advantage_product', 'description', 'product_rating', 'overall_rating', 'brand', 'product_specifications']
Raw data shape: (1050, 15)
========== Processing Phase 1 ==========
 ---> New feature : category ==> Extracted from product_category_tree
 ---> New feature : _len_description  ==> Computed from description length
Processed Data Features: ['uniq_id', 'description', 'category', '_len_description']
Processed Data shape: (1050, 4)
========== Stop words cleaning  ==========
Creating a corpus ...
The corpus is created !!! <---> Size : 441377 <---> Unique_words_count: 99
Cleaning the corpus ...
The corpus is cleaned <---> Size : 47930 <---> Unique_words_count: 5293
Computing unique words ...
1868 unique words added to extra stop words!!!
Computing top common words ... <--> words common 4 categories ++
701 top common words added to extra stop words!!!
Total words to retrieve from vocab :2569
